<?xml version="1.0" encoding="UTF-8"?>
<!-- Generated by org.testng.reporters.JUnitReportReporter -->
<testsuite hostname="DESKTOP-A7ML19J" name="scripts.TestScripts" tests="1" failures="0" timestamp="6 Jun 2020 02:51:45 GMT" time="17.942" errors="0">
  <testcase name="SignInDuringCheckout" time="17.942" classname="scripts.TestScripts"/>
</testsuite> <!-- scripts.TestScripts -->
